<?xml version="1.0" encoding="UTF-8"?>
<!-- Generated by org.testng.reporters.JUnitReportReporter -->
<testsuite skipped="0" hostname="DESKTOP-F2SG1F8" name="aTest.TestNum1" tests="1" failures="0" timestamp="2021-04-05T11:03:16 EDT" time="0.039" errors="0">
  <testcase name="testA" time="0.039" classname="aTest.TestNum1"/>
</testsuite> <!-- aTest.TestNum1 -->
